➤ YN0000: · Yarn 4.1.1
➤ YN0000: ┌ Resolution step
➤ YN0085: │ + @chromatic-com/storybook@npm:1.3.3, @storybook/addon-essentials@npm:8.0.8, @storybook/addon-interactions@npm:8.0.8, @storybook/addon-links@npm:8.0.8, and 689 more.
➤ YN0000: └ Completed in 3s 84ms
➤ YN0000: ┌ Fetch step
➤ YN0013: │ 662 packages were added to the project (+ 159.63 MiB).
➤ YN0000: └ Completed in 8s 70ms
➤ YN0000: ┌ Link step
➤ YN0001: │ Error: ENOSPC: no space left on device, write
➤ YN0000: └ Completed
➤ YN0000: · Failed with errors in 11s 356ms
node:internal/process/promises:288
            triggerUncaughtException(err, true /* fromPromise */);
            ^

[Error: ENOSPC: no space left on device, write] {
  errno: -28,
  code: 'ENOSPC',
  syscall: 'write'
}

Node.js v18.18.2
